Ansys Lumerical 2021 R2 FDTD Solver Version 8.26.2717 (Linux 64bit)
 expires (month/day/year): 10/14/2023
using config file: Ansys Licensing set with ANSYSLMD_LICENSE_FILE
license host: 1055@research-license-ansys.int.seas.harvard.edu
current time: Tue Feb 28 18:20:35 2023
Running on host: holy7c24101.rc.fas.harvard.edu
host available memory (GB): 158.198034
All processes are communicating and ready to proceed to simulation...
Running fsp file: /n/sw/lumerical-2021-R2-2717-7bf43e7149_seas/bin/fdtd-engine-mpich2nem -t 1 -remote /n/home11/cjin/fasrc/waveguide_SiC_sim/fsps/1dd8d9bb-8b72-4825-9fc3-50f6da64a1ce/1dd8d9bb-8b72-4825-9fc3-50f6da64a1ce.fsp
number of processors was reduced to 1 from a target of 16
processors are distributed as: 1x1x1
Running 3D Simulation
Starting meshing
Simulation size in gridpoints: 3 x 10 x 17
Refined 0 mesh cells (0%)
Completed meshing!
Meshing complete in 0.01 seconds of CPU time
0 0
Starting meshing
Simulation size in gridpoints: 3 x 10 x 17
Refined 0 mesh cells (0%)
Completed meshing!
Meshing complete in 0 seconds of CPU time
0 0
Starting meshing
Simulation size in gridpoints: 3 x 10 x 17
Refined 0 mesh cells (0%)
Completed meshing!
Meshing complete in 0 seconds of CPU time
0 0
finished material properties
Meshing Time: 0.01889 seconds, Init Electrical Material Time: 0.004675 seconds, Init Magnetic Material Time: 1.2e-05
Using selected optimization level: 2
Selecting 3d kernel for splitFieldDirection=0 and optLevel=2
-----------------------------------------
Beginning initialization of 3D Simulation
Starting to add sources to simulation
Adding 3D point source
Adding 3D point source
Adding 3D point source
Adding 3D point source
Adding 3D point source
Starting to add boundary conditions to simulation
Adding 3D Bloch BC
Adding 3D Bloch BC
Adding 3D Anti-Symmetric BC
Adding 3D PML BC
Adding 3D PML BC
Adding 3D PML BC
Starting to add monitors to Simulation
Adding analysis monitor
Adding 3D Time monitor
Adding 3D Time monitor
Adding 3D Time monitor
Adding 3D Time monitor
Adding 3D Time monitor
Finished initialization of 3D Simulation
-----------------------------------------
All processes are communicating and ready to proceed to simulation...
Starting 761 total iterations
6.30557% complete. Max time remaining: 0 secs. Auto Shutoff: 1
14.713% complete. Max time remaining: 0 secs. Auto Shutoff: 1
31.5279% complete. Max time remaining: 0 secs. Auto Shutoff: 1
65.1576% complete. Max time remaining: 0 secs. Auto Shutoff: 1
99.9696% complete. Max time remaining: 0 secs. Auto Shutoff: 1
Completed 761 iterations, or 5.998175e-13s of Simulation Time
Process 0 starting to collect data
    collecting monitor data
    collecting source data
Finished collecting data
Simulation completed successfully at: Tue Feb 28 18:20:35 2023
Overall wall time measurements in seconds: 5.86121
    time to mesh and initialize: 0.032176
    time to run FDTD simulation: 0.075821
    time to checkpoint simulation: 1e-06
    time to finalize data and save to files: 0.047062
    miscellaneous time: 5.70613
    FDTD solver speed on process 0: 5.11877 Mnodes/s
    total FDTD solver speed on 1 processes: 5.11877 Mnodes/s
