Ansys Lumerical 2021 R2 FDTD Solver Version 8.26.2717 (Linux 64bit)
 expires (month/day/year): 10/14/2023
using config file: Ansys Licensing set with ANSYSLMD_LICENSE_FILE
license host: 1055@research-license-ansys.int.seas.harvard.edu
current time: Thu Feb 23 00:24:51 2023
Running on host: holy7c24103.rc.fas.harvard.edu
host available memory (GB): 185.047806
All processes are communicating and ready to proceed to simulation...
Running fsp file: /n/sw/lumerical-2021-R2-2717-7bf43e7149_seas/bin/fdtd-engine-mpich2nem -t 1 -remote /n/home11/cjin/fasrc/waveguide_SiC_sim/fsps/e92d2a43-10c8-4b5a-bf22-c7a2538abd4b/e92d2a43-10c8-4b5a-bf22-c7a2538abd4b.fsp
number of processors is 14
processors are distributed as: 7x1x2
Running 3D Simulation
Starting meshing
Simulation size in gridpoints: 4 x 40 x 29
Refined 0 mesh cells (0%)
Completed meshing!
Meshing complete in 0.01 seconds of CPU time
0 0
Starting meshing
Simulation size in gridpoints: 4 x 40 x 29
Refined 0 mesh cells (0%)
Completed meshing!
Meshing complete in 0.01 seconds of CPU time
0 0
Starting meshing
Simulation size in gridpoints: 4 x 40 x 29
Refined 0 mesh cells (0%)
Completed meshing!
Meshing complete in 0 seconds of CPU time
0 0
finished material properties
Meshing Time: 0.033144 seconds, Init Electrical Material Time: 0.004148 seconds, Init Magnetic Material Time: 2.2e-05
Using selected optimization level: 2
Selecting 3d kernel for splitFieldDirection=0 and optLevel=2
-----------------------------------------
Beginning initialization of 3D Simulation
Starting to add sources to simulation
Adding 3D point source
Adding 3D point source
Adding 3D point source
Adding 3D point source
Adding 3D point source
Starting to add boundary conditions to simulation
Adding 3D Parallel bloch BC
Adding 3D Parallel BC
Adding 3D Anti-Symmetric BC
Adding 3D PML BC
Adding 3D PML BC
Adding 3D Parallel BC
Starting to add monitors to Simulation
Adding analysis monitor
Adding 3D Time monitor
Adding 3D Time monitor
Adding 3D Time monitor
Adding 3D Time monitor
Adding 3D Time monitor
Finished initialization of 3D Simulation
-----------------------------------------
All processes are communicating and ready to proceed to simulation...
Starting 30110 total iterations
0.159417% complete. Max time remaining: 24 secs. Auto Shutoff: 1
1.64731% complete. Max time remaining: 24 secs. Auto Shutoff: 1
3.34776% complete. Max time remaining: 23 secs. Auto Shutoff: 1
6.74866% complete. Max time remaining: 22 secs. Auto Shutoff: 0.837646
13.5505% complete. Max time remaining: 21 secs. Auto Shutoff: 0.657073
20.3522% complete. Max time remaining: 19 secs. Auto Shutoff: 0.541431
27.154% complete. Max time remaining: 17 secs. Auto Shutoff: 0.455132
33.9558% complete. Max time remaining: 16 secs. Auto Shutoff: 0.407477
40.7576% complete. Max time remaining: 14 secs. Auto Shutoff: 0.397966
47.5594% complete. Max time remaining: 12 secs. Auto Shutoff: 0.469404
54.3612% complete. Max time remaining: 11 secs. Auto Shutoff: 0.688302
61.163% complete. Max time remaining: 9 secs. Auto Shutoff: 1.25804
67.9648% complete. Max time remaining: 8 secs. Auto Shutoff: 2.71013
74.7666% complete. Max time remaining: 6 secs. Auto Shutoff: 6.08333
81.5684% complete. Max time remaining: 4 secs. Auto Shutoff: 14.2375
88.3702% complete. Max time remaining: 3 secs. Auto Shutoff: 35.0099
95.172% complete. Max time remaining: 1 secs. Auto Shutoff: 83.4944
100% complete. Max time remaining: 0 secs. Auto Shutoff: 153.256
Completed 30110 iterations, or 6.000061e-13s of Simulation Time
Process 0 starting to collect data
    collecting monitor data
    collecting source data
Finished collecting data
Simulation completed successfully at: Thu Feb 23 00:25:15 2023
Overall wall time measurements in seconds: 31.0221
    time to mesh and initialize: 0.076003
    time to run FDTD simulation: 23.6865
    time to checkpoint simulation: 1e-06
    time to finalize data and save to files: 0.219755
    miscellaneous time: 7.03979
    FDTD solver speed on process 0: 5.8983 Mnodes/s
    total FDTD solver speed on 14 processes: 82.5762 Mnodes/s
