Ansys Lumerical 2021 R2 FDTD Solver Version 8.26.2717 (Linux 64bit)
 expires (month/day/year): 10/14/2023
using config file: Ansys Licensing set with ANSYSLMD_LICENSE_FILE
license host: 1055@research-license-ansys.int.seas.harvard.edu
current time: Thu Feb 23 00:22:59 2023
Running on host: holy7c24103.rc.fas.harvard.edu
host available memory (GB): 183.162335
All processes are communicating and ready to proceed to simulation...
Running fsp file: /n/sw/lumerical-2021-R2-2717-7bf43e7149_seas/bin/fdtd-engine-mpich2nem -t 1 -remote /n/home11/cjin/fasrc/waveguide_SiC_sim/fsps/e09cb1b6-d6f1-4314-a506-b7b79013d267/e09cb1b6-d6f1-4314-a506-b7b79013d267.fsp
number of processors is 14
processors are distributed as: 7x1x2
Running 3D Simulation
Starting meshing
Simulation size in gridpoints: 4 x 39 x 30
Refined 0 mesh cells (0%)
Completed meshing!
Meshing complete in 0.01 seconds of CPU time
0 0
Starting meshing
Simulation size in gridpoints: 4 x 39 x 30
Refined 0 mesh cells (0%)
Completed meshing!
Meshing complete in 0 seconds of CPU time
0 0
Starting meshing
Simulation size in gridpoints: 4 x 39 x 30
Refined 0 mesh cells (0%)
Completed meshing!
Meshing complete in 0 seconds of CPU time
0 0
finished material properties
Meshing Time: 0.024016 seconds, Init Electrical Material Time: 0.003215 seconds, Init Magnetic Material Time: 1.9e-05
Using selected optimization level: 2
Selecting 3d kernel for splitFieldDirection=0 and optLevel=2
-----------------------------------------
Beginning initialization of 3D Simulation
Starting to add sources to simulation
Adding 3D point source
Adding 3D point source
Adding 3D point source
Adding 3D point source
Adding 3D point source
Starting to add boundary conditions to simulation
Adding 3D Parallel bloch BC
Adding 3D Parallel BC
Adding 3D Anti-Symmetric BC
Adding 3D PML BC
Adding 3D PML BC
Adding 3D Parallel BC
Starting to add monitors to Simulation
Adding analysis monitor
Adding 3D Time monitor
Adding 3D Time monitor
Adding 3D Time monitor
Adding 3D Time monitor
Adding 3D Time monitor
Finished initialization of 3D Simulation
-----------------------------------------
All processes are communicating and ready to proceed to simulation...
Starting 30150 total iterations
0.106135% complete. Max time remaining: 38 mins, 5 secs. Auto Shutoff: 1
1.69815% complete. Max time remaining: 2 mins, 43 secs. Auto Shutoff: 1
3.39631% complete. Max time remaining: 1 min, 31 secs. Auto Shutoff: 1
6.79261% complete. Max time remaining: 55 secs. Auto Shutoff: 0.872622
13.5852% complete. Max time remaining: 35 secs. Auto Shutoff: 0.81101
20.3778% complete. Max time remaining: 28 secs. Auto Shutoff: 0.769591
27.1704% complete. Max time remaining: 23 secs. Auto Shutoff: 0.711066
33.9631% complete. Max time remaining: 20 secs. Auto Shutoff: 0.695017
40.7557% complete. Max time remaining: 17 secs. Auto Shutoff: 0.674092
47.5483% complete. Max time remaining: 15 secs. Auto Shutoff: 0.645885
54.3409% complete. Max time remaining: 13 secs. Auto Shutoff: 0.639866
61.1335% complete. Max time remaining: 11 secs. Auto Shutoff: 0.631715
67.9261% complete. Max time remaining: 9 secs. Auto Shutoff: 0.6278
74.7187% complete. Max time remaining: 7 secs. Auto Shutoff: 0.617667
81.5113% complete. Max time remaining: 5 secs. Auto Shutoff: 0.626806
88.304% complete. Max time remaining: 3 secs. Auto Shutoff: 0.63958
95.0966% complete. Max time remaining: 1 secs. Auto Shutoff: 0.647208
99.9987% complete. Max time remaining: 0 secs. Auto Shutoff: 0.644364
Completed 30150 iterations, or 5.999919e-13s of Simulation Time
Process 0 starting to collect data
    collecting monitor data
    collecting source data
Finished collecting data
Simulation completed successfully at: Thu Feb 23 00:23:25 2023
Overall wall time measurements in seconds: 33.1937
    time to mesh and initialize: 0.124258
    time to run FDTD simulation: 25.5783
    time to checkpoint simulation: 1e-06
    time to finalize data and save to files: 0.17891
    miscellaneous time: 7.31226
    FDTD solver speed on process 0: 5.51648 Mnodes/s
    total FDTD solver speed on 14 processes: 77.2307 Mnodes/s
