Ansys Lumerical 2022 R1.1 FDTD Solver Version 8.27.2963 (Windows 64bit)
 expires (month/day/year): 10/14/2023
using config file: Ansys Licensing set with ANSYSLMD_LICENSE_FILE
license host: 1055@research-license-ansys.int.seas.harvard.edu
current time: Thu Jul 27 17:46:38 2023
Running on host: EAS-LONCAR3S
host available memory (GB): 17.648161
All processes are communicating and ready to proceed to simulation...
Running fsp file: C:\Program Files\Lumerical\v221\bin\fdtd-engine-msmpi.exe -t 1 -remote -shared-solve-license QU5TWVNDTF9DT05URVhUX0RBVEE9PEFOU1lTQ0xfQ09OVEVYVF9EQVRBPjxJRD4wOGE5OGRhYS02ZTY4LTQ4MjgtODE4Mi1kOTg3MTE3MmE0MTI8L0lEPjxUWVBFPlBBUkVOVF9DSElMRDwvVFlQRT48TkFNRT5QYXJlbnQgQ2hpbGQ8L05BTUU+PEhBTkRMRVI+NTA5ODNARUFTLUxPTkNBUjNTLnVuaXZlcnNpdHkuaGFydmFyZC5lZHU8L0hBTkRMRVI+PC9BTlNZU0NMX0NPTlRFWFRfREFUQT4KQU5TWVNfUEFSRU5UX0NISUxEX0lEPTA4YTk4ZGFhLTZlNjgtNDgyOC04MTgyLWQ5ODcxMTcyYTQxMgpBTlNZU19QQVJFTlRfQ0hJTERfU0VSVkVSPTUwOTgzQEVBUy1MT05DQVIzUy51bml2ZXJzaXR5LmhhcnZhcmQuZWR1Cg== C:/Users/LoncarGroup/Documents/wvgsolver_sim/waveguide_SiC_sim/fsps/f46ca648-804f-4c93-a74d-3933dd3605a8/f46ca648-804f-4c93-a74d-3933dd3605a8.fsp
number of processors is 6
processors are distributed as: 6x1x1
Running 3D Simulation
Starting meshing
Simulation size in gridpoints: 109 x 45 x 160
Refined 0 mesh cells (0%)
Completed meshing!
Meshing complete in 0.21875 seconds of CPU time
0 0
Starting meshing
Simulation size in gridpoints: 109 x 45 x 160
Refined 0 mesh cells (0%)
Completed meshing!
Meshing complete in 0.21875 seconds of CPU time
0 0
Starting meshing
Simulation size in gridpoints: 109 x 45 x 160
Refined 0 mesh cells (0%)
Completed meshing!
Meshing complete in 0.25 seconds of CPU time
0 0
finished material properties
Meshing Time: 0.547989 seconds, Init Electrical Material Time: 0.0623441 seconds, Init Magnetic Material Time: 0.0013033
Using selected optimization level: 2
Selecting 3d kernel for splitFieldDirection=0 and optLevel=2
-----------------------------------------
Beginning initialization of 3D Simulation
Starting to add sources to simulation
Adding 3D point source
Starting to add boundary conditions to simulation
Adding 3D PML BC
Adding 3D Parallel BC
Adding 3D Anti-Symmetric BC
Adding 3D PML BC
Adding 3D PML BC
Adding 3D PML BC
Starting to add monitors to Simulation
Adding analysis monitor
Adding 3D Time monitor
Adding 3D Time monitor
Adding 3D Time monitor
Adding 3D Time monitor
Adding 3D Time monitor
Adding 3D Time monitor
Adding 3D index monitor
Adding 3D Time monitor
Adding 3D index monitor
Adding 3D Time monitor
Adding 3D Time monitor
Adding 3D Time monitor
Adding 3D Time monitor
Adding 3D Time monitor
Adding 3D Time monitor
Adding 3D index monitor
Adding 3D Time monitor
Adding 3D index monitor
Finished initialization of 3D Simulation
-----------------------------------------
All processes are communicating and ready to proceed to simulation...
Starting 27074 total iterations
0.177289% complete. Max time remaining: 16 mins, 45 secs. Auto Shutoff: 1
1.24102% complete. Max time remaining: 16 mins, 35 secs. Auto Shutoff: 1
