Ansys Lumerical 2021 R2 FDTD Solver Version 8.26.2717 (Linux 64bit)
 expires (month/day/year): 10/14/2023
using config file: Ansys Licensing set with ANSYSLMD_LICENSE_FILE
license host: 1055@research-license-ansys.int.seas.harvard.edu
current time: Thu Feb 23 00:20:03 2023
Running on host: holy7c24103.rc.fas.harvard.edu
host available memory (GB): 183.157756
All processes are communicating and ready to proceed to simulation...
Running fsp file: /n/sw/lumerical-2021-R2-2717-7bf43e7149_seas/bin/fdtd-engine-mpich2nem -t 1 -remote /n/home11/cjin/fasrc/waveguide_SiC_sim/fsps/b143ebff-4684-4e87-a730-b1b77887fa53/b143ebff-4684-4e87-a730-b1b77887fa53.fsp
number of processors is 14
processors are distributed as: 7x1x2
Running 3D Simulation
Starting meshing
Simulation size in gridpoints: 4 x 40 x 31
Refined 0 mesh cells (0%)
Completed meshing!
Meshing complete in 0.01 seconds of CPU time
0 0
Starting meshing
Simulation size in gridpoints: 4 x 40 x 31
Refined 0 mesh cells (0%)
Completed meshing!
Meshing complete in 0.01 seconds of CPU time
0 0
Starting meshing
Simulation size in gridpoints: 4 x 40 x 31
Refined 0 mesh cells (0%)
Completed meshing!
Meshing complete in 0 seconds of CPU time
0 0
finished material properties
Meshing Time: 0.028929 seconds, Init Electrical Material Time: 0.01539 seconds, Init Magnetic Material Time: 1.8e-05
Using selected optimization level: 2
Selecting 3d kernel for splitFieldDirection=0 and optLevel=2
-----------------------------------------
Beginning initialization of 3D Simulation
Starting to add sources to simulation
Adding 3D point source
Adding 3D point source
Adding 3D point source
Adding 3D point source
Adding 3D point source
Starting to add boundary conditions to simulation
Adding 3D Parallel bloch BC
Adding 3D Parallel BC
Adding 3D Anti-Symmetric BC
Adding 3D PML BC
Adding 3D PML BC
Adding 3D Parallel BC
Starting to add monitors to Simulation
Adding analysis monitor
Adding 3D Time monitor
Adding 3D Time monitor
Adding 3D Time monitor
Adding 3D Time monitor
Adding 3D Time monitor
Finished initialization of 3D Simulation
-----------------------------------------
All processes are communicating and ready to proceed to simulation...
Starting 30126 total iterations
0.15933% complete. Max time remaining: 21 mins, 32 secs. Auto Shutoff: 1
1.75264% complete. Max time remaining: 2 mins, 19 secs. Auto Shutoff: 1
3.45216% complete. Max time remaining: 1 min, 21 secs. Auto Shutoff: 1
6.85121% complete. Max time remaining: 51 secs. Auto Shutoff: 0.416503
13.6493% complete. Max time remaining: 35 secs. Auto Shutoff: 0.403634
20.4474% complete. Max time remaining: 28 secs. Auto Shutoff: 0.394588
27.2455% complete. Max time remaining: 24 secs. Auto Shutoff: 0.383218
34.0436% complete. Max time remaining: 20 secs. Auto Shutoff: 0.369418
40.8417% complete. Max time remaining: 18 secs. Auto Shutoff: 0.348152
47.6398% complete. Max time remaining: 15 secs. Auto Shutoff: 0.341577
54.4379% complete. Max time remaining: 13 secs. Auto Shutoff: 0.336827
61.236% complete. Max time remaining: 11 secs. Auto Shutoff: 0.327686
68.0341% complete. Max time remaining: 9 secs. Auto Shutoff: 0.314034
74.8322% complete. Max time remaining: 7 secs. Auto Shutoff: 0.310069
81.6303% complete. Max time remaining: 5 secs. Auto Shutoff: 0.302316
88.4284% complete. Max time remaining: 3 secs. Auto Shutoff: 0.296852
95.2265% complete. Max time remaining: 1 secs. Auto Shutoff: 0.291771
99.9998% complete. Max time remaining: 0 secs. Auto Shutoff: 0.282326
Completed 30126 iterations, or 5.999988e-13s of Simulation Time
Process 0 starting to collect data
    collecting monitor data
    collecting source data
Finished collecting data
Simulation completed successfully at: Thu Feb 23 00:20:31 2023
Overall wall time measurements in seconds: 34.7713
    time to mesh and initialize: 0.116179
    time to run FDTD simulation: 27.0419
    time to checkpoint simulation: 0
    time to finalize data and save to files: 0.187519
    miscellaneous time: 7.42572
    FDTD solver speed on process 0: 5.52569 Mnodes/s
    total FDTD solver speed on 14 processes: 77.3596 Mnodes/s
