Ansys Lumerical 2021 R2 FDTD Solver Version 8.26.2717 (Linux 64bit)
 expires (month/day/year): 10/14/2023
using config file: Ansys Licensing set with ANSYSLMD_LICENSE_FILE
license host: 1055@research-license-ansys.int.seas.harvard.edu
current time: Thu Feb 23 00:21:00 2023
Running on host: holy7c24103.rc.fas.harvard.edu
host available memory (GB): 183.156081
All processes are communicating and ready to proceed to simulation...
Running fsp file: /n/sw/lumerical-2021-R2-2717-7bf43e7149_seas/bin/fdtd-engine-mpich2nem -t 1 -remote /n/home11/cjin/fasrc/waveguide_SiC_sim/fsps/9661a84a-0f3b-499c-8c40-243be5ff4463/9661a84a-0f3b-499c-8c40-243be5ff4463.fsp
number of processors is 14
processors are distributed as: 7x1x2
Running 3D Simulation
Starting meshing
Simulation size in gridpoints: 5 x 42 x 33
Refined 0 mesh cells (0%)
Completed meshing!
Meshing complete in 0.01 seconds of CPU time
0 0
Starting meshing
Simulation size in gridpoints: 5 x 42 x 33
Refined 0 mesh cells (0%)
Completed meshing!
Meshing complete in 0.01 seconds of CPU time
0 0
Starting meshing
Simulation size in gridpoints: 5 x 42 x 33
Refined 0 mesh cells (0%)
Completed meshing!
Meshing complete in 0.01 seconds of CPU time
0 0
finished material properties
Meshing Time: 0.027641 seconds, Init Electrical Material Time: 0.003545 seconds, Init Magnetic Material Time: 2.2e-05
Using selected optimization level: 2
Selecting 3d kernel for splitFieldDirection=0 and optLevel=2
-----------------------------------------
Beginning initialization of 3D Simulation
Starting to add sources to simulation
Adding 3D point source
Adding 3D point source
Adding 3D point source
Adding 3D point source
Adding 3D point source
Starting to add boundary conditions to simulation
Adding 3D Parallel bloch BC
Adding 3D Parallel BC
Adding 3D Anti-Symmetric BC
Adding 3D PML BC
Adding 3D PML BC
Adding 3D Parallel BC
Starting to add monitors to Simulation
Adding analysis monitor
Adding 3D Time monitor
Adding 3D Time monitor
Adding 3D Time monitor
Adding 3D Time monitor
Adding 3D Time monitor
Finished initialization of 3D Simulation
-----------------------------------------
All processes are communicating and ready to proceed to simulation...
Starting 30064 total iterations
0.159659% complete. Max time remaining: 32 secs. Auto Shutoff: 1
1.64981% complete. Max time remaining: 28 secs. Auto Shutoff: 1
3.35283% complete. Max time remaining: 27 secs. Auto Shutoff: 1
6.75888% complete. Max time remaining: 26 secs. Auto Shutoff: 0.613366
13.571% complete. Max time remaining: 24 secs. Auto Shutoff: 0.554765
20.3831% complete. Max time remaining: 22 secs. Auto Shutoff: 0.518249
27.1952% complete. Max time remaining: 20 secs. Auto Shutoff: 0.491885
34.0073% complete. Max time remaining: 18 secs. Auto Shutoff: 0.4733
40.8194% complete. Max time remaining: 16 secs. Auto Shutoff: 0.4607
47.6315% complete. Max time remaining: 14 secs. Auto Shutoff: 0.443861
54.4436% complete. Max time remaining: 12 secs. Auto Shutoff: 0.43778
61.2557% complete. Max time remaining: 11 secs. Auto Shutoff: 0.430229
68.0678% complete. Max time remaining: 9 secs. Auto Shutoff: 0.433242
74.8799% complete. Max time remaining: 7 secs. Auto Shutoff: 0.428298
81.692% complete. Max time remaining: 5 secs. Auto Shutoff: 0.430389
88.5041% complete. Max time remaining: 3 secs. Auto Shutoff: 0.431416
95.3162% complete. Max time remaining: 1 secs. Auto Shutoff: 0.43922
99.9995% complete. Max time remaining: 0 secs. Auto Shutoff: 0.442528
Completed 30064 iterations, or 5.999970e-13s of Simulation Time
Process 0 starting to collect data
    collecting monitor data
    collecting source data
Finished collecting data
Simulation completed successfully at: Thu Feb 23 00:21:28 2023
Overall wall time measurements in seconds: 34.7972
    time to mesh and initialize: 0.07455
    time to run FDTD simulation: 27.2426
    time to checkpoint simulation: 1e-06
    time to finalize data and save to files: 0.197054
    miscellaneous time: 7.28294
    FDTD solver speed on process 0: 7.6477 Mnodes/s
    total FDTD solver speed on 14 processes: 107.068 Mnodes/s
