Ansys Lumerical 2021 R2 FDTD Solver Version 8.26.2717 (Linux 64bit)
 expires (month/day/year): 10/14/2023
using config file: Ansys Licensing set with ANSYSLMD_LICENSE_FILE
license host: 1055@research-license-ansys.int.seas.harvard.edu
current time: Thu Feb 23 00:13:26 2023
Running on host: holy7c24103.rc.fas.harvard.edu
host available memory (GB): 183.161782
All processes are communicating and ready to proceed to simulation...
Running fsp file: /n/sw/lumerical-2021-R2-2717-7bf43e7149_seas/bin/fdtd-engine-mpich2nem -t 1 -remote /n/home11/cjin/fasrc/waveguide_SiC_sim/fsps/ab472bac-ec1c-4224-9ae5-c1ec045f8db8/ab472bac-ec1c-4224-9ae5-c1ec045f8db8.fsp
number of processors is 14
processors are distributed as: 7x1x2
Running 3D Simulation
Starting meshing
Simulation size in gridpoints: 5 x 41 x 32
Refined 0 mesh cells (0%)
Completed meshing!
Meshing complete in 0.01 seconds of CPU time
0 0
Starting meshing
Simulation size in gridpoints: 5 x 41 x 32
Refined 0 mesh cells (0%)
Completed meshing!
Meshing complete in 0.01 seconds of CPU time
0 0
Starting meshing
Simulation size in gridpoints: 5 x 41 x 32
Refined 0 mesh cells (0%)
Completed meshing!
Meshing complete in 0 seconds of CPU time
0 0
finished material properties
Meshing Time: 0.021654 seconds, Init Electrical Material Time: 0.00351 seconds, Init Magnetic Material Time: 2.2e-05
Using selected optimization level: 2
Selecting 3d kernel for splitFieldDirection=0 and optLevel=2
-----------------------------------------
Beginning initialization of 3D Simulation
Starting to add sources to simulation
Adding 3D point source
Adding 3D point source
Adding 3D point source
Adding 3D point source
Adding 3D point source
Starting to add boundary conditions to simulation
Adding 3D Parallel bloch BC
Adding 3D Parallel BC
Adding 3D Anti-Symmetric BC
Adding 3D PML BC
Adding 3D PML BC
Adding 3D Parallel BC
Starting to add monitors to Simulation
Adding analysis monitor
Adding 3D Time monitor
Adding 3D Time monitor
Adding 3D Time monitor
Adding 3D Time monitor
Adding 3D Time monitor
Finished initialization of 3D Simulation
-----------------------------------------
All processes are communicating and ready to proceed to simulation...
Starting 30083 total iterations
0.159558% complete. Max time remaining: 26 secs. Auto Shutoff: 1
1.64876% complete. Max time remaining: 25 secs. Auto Shutoff: 1
3.35071% complete. Max time remaining: 25 secs. Auto Shutoff: 1
6.75461% complete. Max time remaining: 24 secs. Auto Shutoff: 0.578741
13.5624% complete. Max time remaining: 22 secs. Auto Shutoff: 0.487782
20.3702% complete. Max time remaining: 20 secs. Auto Shutoff: 0.460622
27.178% complete. Max time remaining: 18 secs. Auto Shutoff: 0.436382
33.9858% complete. Max time remaining: 17 secs. Auto Shutoff: 0.425604
40.7936% complete. Max time remaining: 15 secs. Auto Shutoff: 0.411596
47.6014% complete. Max time remaining: 13 secs. Auto Shutoff: 0.398308
54.4092% complete. Max time remaining: 12 secs. Auto Shutoff: 0.395902
61.217% complete. Max time remaining: 10 secs. Auto Shutoff: 0.384364
68.0248% complete. Max time remaining: 8 secs. Auto Shutoff: 0.383029
74.8326% complete. Max time remaining: 6 secs. Auto Shutoff: 0.381005
81.6404% complete. Max time remaining: 5 secs. Auto Shutoff: 0.372125
88.4482% complete. Max time remaining: 3 secs. Auto Shutoff: 0.37612
95.256% complete. Max time remaining: 1 secs. Auto Shutoff: 0.370053
99.9995% complete. Max time remaining: 0 secs. Auto Shutoff: 0.371882
Completed 30083 iterations, or 5.999970e-13s of Simulation Time
Process 0 starting to collect data
    collecting monitor data
    collecting source data
Finished collecting data
Simulation completed successfully at: Thu Feb 23 00:13:52 2023
Overall wall time measurements in seconds: 32.9541
    time to mesh and initialize: 0.054865
    time to run FDTD simulation: 25.2125
    time to checkpoint simulation: 1e-06
    time to finalize data and save to files: 0.188468
    miscellaneous time: 7.4983
    FDTD solver speed on process 0: 7.82726 Mnodes/s
    total FDTD solver speed on 14 processes: 109.582 Mnodes/s
