Ansys Lumerical 2021 R2 FDTD Solver Version 8.26.2717 (Linux 64bit)
 expires (month/day/year): 10/14/2023
using config file: Ansys Licensing set with ANSYSLMD_LICENSE_FILE
license host: 1055@research-license-ansys.int.seas.harvard.edu
current time: Thu Feb 23 00:14:22 2023
Running on host: holy7c24103.rc.fas.harvard.edu
host available memory (GB): 183.163572
All processes are communicating and ready to proceed to simulation...
Running fsp file: /n/sw/lumerical-2021-R2-2717-7bf43e7149_seas/bin/fdtd-engine-mpich2nem -t 1 -remote /n/home11/cjin/fasrc/waveguide_SiC_sim/fsps/ab0db000-550c-4848-ae91-58c740982745/ab0db000-550c-4848-ae91-58c740982745.fsp
number of processors is 14
processors are distributed as: 7x1x2
Running 3D Simulation
Starting meshing
Simulation size in gridpoints: 5 x 40 x 32
Refined 0 mesh cells (0%)
Completed meshing!
Meshing complete in 0.01 seconds of CPU time
0 0
Starting meshing
Simulation size in gridpoints: 5 x 40 x 32
Refined 0 mesh cells (0%)
Completed meshing!
Meshing complete in 0 seconds of CPU time
0 0
Starting meshing
Simulation size in gridpoints: 5 x 40 x 32
Refined 0 mesh cells (0%)
Completed meshing!
Meshing complete in 0.01 seconds of CPU time
0 0
finished material properties
Meshing Time: 0.027316 seconds, Init Electrical Material Time: 0.003461 seconds, Init Magnetic Material Time: 2e-05
Using selected optimization level: 2
Selecting 3d kernel for splitFieldDirection=0 and optLevel=2
-----------------------------------------
Beginning initialization of 3D Simulation
Starting to add sources to simulation
Adding 3D point source
Adding 3D point source
Adding 3D point source
Adding 3D point source
Adding 3D point source
Starting to add boundary conditions to simulation
Adding 3D Parallel bloch BC
Adding 3D Parallel BC
Adding 3D Anti-Symmetric BC
Adding 3D PML BC
Adding 3D PML BC
Adding 3D Parallel BC
Starting to add monitors to Simulation
Adding analysis monitor
Adding 3D Time monitor
Adding 3D Time monitor
Adding 3D Time monitor
Adding 3D Time monitor
Adding 3D Time monitor
Finished initialization of 3D Simulation
-----------------------------------------
All processes are communicating and ready to proceed to simulation...
Starting 30104 total iterations
0.159449% complete. Max time remaining: 30 secs. Auto Shutoff: 1
1.64764% complete. Max time remaining: 27 secs. Auto Shutoff: 1
3.34842% complete. Max time remaining: 26 secs. Auto Shutoff: 1
6.75% complete. Max time remaining: 25 secs. Auto Shutoff: 0.857827
13.5531% complete. Max time remaining: 23 secs. Auto Shutoff: 0.726572
20.3563% complete. Max time remaining: 21 secs. Auto Shutoff: 0.667895
27.1594% complete. Max time remaining: 19 secs. Auto Shutoff: 0.634961
33.9626% complete. Max time remaining: 17 secs. Auto Shutoff: 0.609429
40.7657% complete. Max time remaining: 16 secs. Auto Shutoff: 0.588855
47.5689% complete. Max time remaining: 14 secs. Auto Shutoff: 0.571578
54.372% complete. Max time remaining: 12 secs. Auto Shutoff: 0.556971
61.1752% complete. Max time remaining: 10 secs. Auto Shutoff: 0.544169
67.9783% complete. Max time remaining: 8 secs. Auto Shutoff: 0.530645
74.7815% complete. Max time remaining: 7 secs. Auto Shutoff: 0.52022
81.5846% complete. Max time remaining: 5 secs. Auto Shutoff: 0.512863
88.3877% complete. Max time remaining: 3 secs. Auto Shutoff: 0.503813
95.1909% complete. Max time remaining: 1 secs. Auto Shutoff: 0.497163
100% complete. Max time remaining: 0 secs. Auto Shutoff: 0.490282
Completed 30104 iterations, or 6.000055e-13s of Simulation Time
Process 0 starting to collect data
    collecting monitor data
    collecting source data
Finished collecting data
Simulation completed successfully at: Thu Feb 23 00:14:49 2023
Overall wall time measurements in seconds: 33.5515
    time to mesh and initialize: 0.06344
    time to run FDTD simulation: 26.1521
    time to checkpoint simulation: 1e-06
    time to finalize data and save to files: 0.208264
    miscellaneous time: 7.12768
    FDTD solver speed on process 0: 7.36713 Mnodes/s
    total FDTD solver speed on 14 processes: 103.14 Mnodes/s
