Ansys Lumerical 2021 R2 FDTD Solver Version 8.26.2717 (Linux 64bit)
 expires (month/day/year): 10/14/2023
using config file: Ansys Licensing set with ANSYSLMD_LICENSE_FILE
license host: 1055@research-license-ansys.int.seas.harvard.edu
current time: Thu Feb 23 00:19:09 2023
Running on host: holy7c24103.rc.fas.harvard.edu
host available memory (GB): 183.163675
All processes are communicating and ready to proceed to simulation...
Running fsp file: /n/sw/lumerical-2021-R2-2717-7bf43e7149_seas/bin/fdtd-engine-mpich2nem -t 1 -remote /n/home11/cjin/fasrc/waveguide_SiC_sim/fsps/38539c71-a466-4420-a448-b2ac2054977b/38539c71-a466-4420-a448-b2ac2054977b.fsp
number of processors is 14
processors are distributed as: 7x1x2
Running 3D Simulation
Starting meshing
Simulation size in gridpoints: 4 x 40 x 29
Refined 0 mesh cells (0%)
Completed meshing!
Meshing complete in 0.01 seconds of CPU time
0 0
Starting meshing
Simulation size in gridpoints: 4 x 40 x 29
Refined 0 mesh cells (0%)
Completed meshing!
Meshing complete in 0.01 seconds of CPU time
0 0
Starting meshing
Simulation size in gridpoints: 4 x 40 x 29
Refined 0 mesh cells (0%)
Completed meshing!
Meshing complete in 0.01 seconds of CPU time
0 0
finished material properties
Meshing Time: 0.022692 seconds, Init Electrical Material Time: 0.003386 seconds, Init Magnetic Material Time: 2e-05
Using selected optimization level: 2
Selecting 3d kernel for splitFieldDirection=0 and optLevel=2
-----------------------------------------
Beginning initialization of 3D Simulation
Starting to add sources to simulation
Adding 3D point source
Adding 3D point source
Adding 3D point source
Adding 3D point source
Adding 3D point source
Starting to add boundary conditions to simulation
Adding 3D Parallel bloch BC
Adding 3D Parallel BC
Adding 3D Anti-Symmetric BC
Adding 3D PML BC
Adding 3D PML BC
Adding 3D Parallel BC
Starting to add monitors to Simulation
Adding analysis monitor
Adding 3D Time monitor
Adding 3D Time monitor
Adding 3D Time monitor
Adding 3D Time monitor
Adding 3D Time monitor
Finished initialization of 3D Simulation
-----------------------------------------
All processes are communicating and ready to proceed to simulation...
Starting 30452 total iterations
0.157627% complete. Max time remaining: 23 secs. Auto Shutoff: 1
1.62881% complete. Max time remaining: 23 secs. Auto Shutoff: 1
3.31016% complete. Max time remaining: 22 secs. Auto Shutoff: 1
6.67287% complete. Max time remaining: 21 secs. Auto Shutoff: 0.944848
13.3983% complete. Max time remaining: 20 secs. Auto Shutoff: 1.07773
20.1237% complete. Max time remaining: 18 secs. Auto Shutoff: 1.26855
26.8491% complete. Max time remaining: 17 secs. Auto Shutoff: 1.53053
33.5745% complete. Max time remaining: 15 secs. Auto Shutoff: 1.91602
40.2999% complete. Max time remaining: 14 secs. Auto Shutoff: 2.44712
47.0254% complete. Max time remaining: 12 secs. Auto Shutoff: 3.11969
53.7508% complete. Max time remaining: 10 secs. Auto Shutoff: 4.10683
60.4762% complete. Max time remaining: 9 secs. Auto Shutoff: 5.42904
67.2016% complete. Max time remaining: 7 secs. Auto Shutoff: 7.29731
73.927% complete. Max time remaining: 6 secs. Auto Shutoff: 9.7776
80.6524% complete. Max time remaining: 4 secs. Auto Shutoff: 13.1513
87.3778% complete. Max time remaining: 3 secs. Auto Shutoff: 17.9321
94.1033% complete. Max time remaining: 1 secs. Auto Shutoff: 24.6492
100% complete. Max time remaining: 0 secs. Auto Shutoff: 32.5665
Completed 30452 iterations, or 6.000067e-13s of Simulation Time
Process 0 starting to collect data
    collecting monitor data
    collecting source data
Finished collecting data
Simulation completed successfully at: Thu Feb 23 00:19:32 2023
Overall wall time measurements in seconds: 30.2455
    time to mesh and initialize: 0.056255
    time to run FDTD simulation: 22.6175
    time to checkpoint simulation: 1e-06
    time to finalize data and save to files: 0.20029
    miscellaneous time: 7.37142
    FDTD solver speed on process 0: 6.24725 Mnodes/s
    total FDTD solver speed on 14 processes: 87.4614 Mnodes/s
