Ansys Lumerical 2021 R2 FDTD Solver Version 8.26.2717 (Linux 64bit)
 expires (month/day/year): 10/14/2023
using config file: Ansys Licensing set with ANSYSLMD_LICENSE_FILE
license host: 1055@research-license-ansys.int.seas.harvard.edu
current time: Thu Feb 23 00:15:18 2023
Running on host: holy7c24103.rc.fas.harvard.edu
host available memory (GB): 183.168586
All processes are communicating and ready to proceed to simulation...
Running fsp file: /n/sw/lumerical-2021-R2-2717-7bf43e7149_seas/bin/fdtd-engine-mpich2nem -t 1 -remote /n/home11/cjin/fasrc/waveguide_SiC_sim/fsps/52885802-96d9-4f2e-aef8-443d8012f5ad/52885802-96d9-4f2e-aef8-443d8012f5ad.fsp
number of processors is 14
processors are distributed as: 7x1x2
Running 3D Simulation
Starting meshing
Simulation size in gridpoints: 4 x 40 x 31
Refined 0 mesh cells (0%)
Completed meshing!
Meshing complete in 0.01 seconds of CPU time
0 0
Starting meshing
Simulation size in gridpoints: 4 x 40 x 31
Refined 0 mesh cells (0%)
Completed meshing!
Meshing complete in 0 seconds of CPU time
0 0
Starting meshing
Simulation size in gridpoints: 4 x 40 x 31
Refined 0 mesh cells (0%)
Completed meshing!
Meshing complete in 0.01 seconds of CPU time
0 0
finished material properties
Meshing Time: 0.020587 seconds, Init Electrical Material Time: 0.003194 seconds, Init Magnetic Material Time: 1.7e-05
Using selected optimization level: 2
Selecting 3d kernel for splitFieldDirection=0 and optLevel=2
-----------------------------------------
Beginning initialization of 3D Simulation
Starting to add sources to simulation
Adding 3D point source
Adding 3D point source
Adding 3D point source
Adding 3D point source
Adding 3D point source
Starting to add boundary conditions to simulation
Adding 3D Parallel bloch BC
Adding 3D Parallel BC
Adding 3D Anti-Symmetric BC
Adding 3D PML BC
Adding 3D PML BC
Adding 3D Parallel BC
Starting to add monitors to Simulation
Adding analysis monitor
Adding 3D Time monitor
Adding 3D Time monitor
Adding 3D Time monitor
Adding 3D Time monitor
Adding 3D Time monitor
Finished initialization of 3D Simulation
-----------------------------------------
All processes are communicating and ready to proceed to simulation...
Starting 30126 total iterations
0.15933% complete. Max time remaining: 25 secs. Auto Shutoff: 1
1.64642% complete. Max time remaining: 24 secs. Auto Shutoff: 1
3.34594% complete. Max time remaining: 24 secs. Auto Shutoff: 1
6.74499% complete. Max time remaining: 23 secs. Auto Shutoff: 0.836422
13.5431% complete. Max time remaining: 21 secs. Auto Shutoff: 0.836024
20.3412% complete. Max time remaining: 19 secs. Auto Shutoff: 0.827365
27.1393% complete. Max time remaining: 17 secs. Auto Shutoff: 0.818667
33.9374% complete. Max time remaining: 16 secs. Auto Shutoff: 0.833689
40.7355% complete. Max time remaining: 14 secs. Auto Shutoff: 0.80127
47.5336% complete. Max time remaining: 13 secs. Auto Shutoff: 0.840199
54.3317% complete. Max time remaining: 11 secs. Auto Shutoff: 0.845474
61.1298% complete. Max time remaining: 9 secs. Auto Shutoff: 0.874614
67.9279% complete. Max time remaining: 8 secs. Auto Shutoff: 0.87963
74.726% complete. Max time remaining: 6 secs. Auto Shutoff: 0.889711
81.5241% complete. Max time remaining: 4 secs. Auto Shutoff: 0.896299
88.3222% complete. Max time remaining: 3 secs. Auto Shutoff: 0.926041
95.1203% complete. Max time remaining: 1 secs. Auto Shutoff: 0.951597
99.9998% complete. Max time remaining: 0 secs. Auto Shutoff: 0.974923
Completed 30126 iterations, or 5.999988e-13s of Simulation Time
Process 0 starting to collect data
    collecting monitor data
    collecting source data
Finished collecting data
Simulation completed successfully at: Thu Feb 23 00:15:42 2023
Overall wall time measurements in seconds: 31.7267
    time to mesh and initialize: 0.061079
    time to run FDTD simulation: 23.9043
    time to checkpoint simulation: 1e-06
    time to finalize data and save to files: 0.186848
    miscellaneous time: 7.57447
    FDTD solver speed on process 0: 6.25097 Mnodes/s
    total FDTD solver speed on 14 processes: 87.5136 Mnodes/s
