Ansys Lumerical 2021 R2 FDTD Solver Version 8.26.2717 (Linux 64bit)
 expires (month/day/year): 10/14/2023
using config file: Ansys Licensing set with ANSYSLMD_LICENSE_FILE
license host: 1055@research-license-ansys.int.seas.harvard.edu
current time: Thu Feb 23 00:17:09 2023
Running on host: holy7c24103.rc.fas.harvard.edu
host available memory (GB): 183.166554
All processes are communicating and ready to proceed to simulation...
Running fsp file: /n/sw/lumerical-2021-R2-2717-7bf43e7149_seas/bin/fdtd-engine-mpich2nem -t 1 -remote /n/home11/cjin/fasrc/waveguide_SiC_sim/fsps/e3a5c980-257b-4c81-bc16-dc1fc2b422b7/e3a5c980-257b-4c81-bc16-dc1fc2b422b7.fsp
number of processors is 14
processors are distributed as: 7x1x2
Running 3D Simulation
Starting meshing
Simulation size in gridpoints: 4 x 39 x 30
Refined 0 mesh cells (0%)
Completed meshing!
Meshing complete in 0.01 seconds of CPU time
0 0
Starting meshing
Simulation size in gridpoints: 4 x 39 x 30
Refined 0 mesh cells (0%)
Completed meshing!
Meshing complete in 0 seconds of CPU time
0 0
Starting meshing
Simulation size in gridpoints: 4 x 39 x 30
Refined 0 mesh cells (0%)
Completed meshing!
Meshing complete in 0 seconds of CPU time
0 0
finished material properties
Meshing Time: 0.026982 seconds, Init Electrical Material Time: 0.003208 seconds, Init Magnetic Material Time: 1.7e-05
Using selected optimization level: 2
Selecting 3d kernel for splitFieldDirection=0 and optLevel=2
-----------------------------------------
Beginning initialization of 3D Simulation
Starting to add sources to simulation
Adding 3D point source
Adding 3D point source
Adding 3D point source
Adding 3D point source
Adding 3D point source
Starting to add boundary conditions to simulation
Adding 3D Parallel bloch BC
Adding 3D Parallel BC
Adding 3D Anti-Symmetric BC
Adding 3D PML BC
Adding 3D PML BC
Adding 3D Parallel BC
Starting to add monitors to Simulation
Adding analysis monitor
Adding 3D Time monitor
Adding 3D Time monitor
Adding 3D Time monitor
Adding 3D Time monitor
Adding 3D Time monitor
Finished initialization of 3D Simulation
-----------------------------------------
All processes are communicating and ready to proceed to simulation...
Starting 30177 total iterations
0.159061% complete. Max time remaining: 25 mins, 56 secs. Auto Shutoff: 1
1.74967% complete. Max time remaining: 2 mins, 49 secs. Auto Shutoff: 1
3.44633% complete. Max time remaining: 1 min, 35 secs. Auto Shutoff: 1
6.83964% complete. Max time remaining: 57 secs. Auto Shutoff: 0.97428
13.6263% complete. Max time remaining: 37 secs. Auto Shutoff: 0.940548
20.4129% complete. Max time remaining: 29 secs. Auto Shutoff: 0.930036
27.1995% complete. Max time remaining: 24 secs. Auto Shutoff: 0.909402
33.9861% complete. Max time remaining: 20 secs. Auto Shutoff: 0.889546
40.7727% complete. Max time remaining: 18 secs. Auto Shutoff: 0.870629
47.5593% complete. Max time remaining: 15 secs. Auto Shutoff: 0.85906
54.3459% complete. Max time remaining: 13 secs. Auto Shutoff: 0.859139
61.1326% complete. Max time remaining: 11 secs. Auto Shutoff: 0.860647
67.9192% complete. Max time remaining: 9 secs. Auto Shutoff: 0.866625
74.7058% complete. Max time remaining: 7 secs. Auto Shutoff: 0.878115
81.4924% complete. Max time remaining: 5 secs. Auto Shutoff: 0.903484
88.279% complete. Max time remaining: 3 secs. Auto Shutoff: 0.926726
95.0656% complete. Max time remaining: 1 secs. Auto Shutoff: 0.980394
99.9999% complete. Max time remaining: 0 secs. Auto Shutoff: 1.06177
Completed 30177 iterations, or 5.999992e-13s of Simulation Time
Process 0 starting to collect data
    collecting monitor data
    collecting source data
Finished collecting data
Simulation completed successfully at: Thu Feb 23 00:17:36 2023
Overall wall time measurements in seconds: 33.6869
    time to mesh and initialize: 0.141894
    time to run FDTD simulation: 25.9312
    time to checkpoint simulation: 1e-06
    time to finalize data and save to files: 0.19332
    miscellaneous time: 7.42044
    FDTD solver speed on process 0: 5.44626 Mnodes/s
    total FDTD solver speed on 14 processes: 76.2477 Mnodes/s
