Ansys Lumerical 2021 R2 FDTD Solver Version 8.26.2717 (Linux 64bit)
 expires (month/day/year): 10/14/2023
using config file: Ansys Licensing set with ANSYSLMD_LICENSE_FILE
license host: 1055@research-license-ansys.int.seas.harvard.edu
current time: Thu Feb 23 00:18:06 2023
Running on host: holy7c24103.rc.fas.harvard.edu
host available memory (GB): 183.163204
All processes are communicating and ready to proceed to simulation...
Running fsp file: /n/sw/lumerical-2021-R2-2717-7bf43e7149_seas/bin/fdtd-engine-mpich2nem -t 1 -remote /n/home11/cjin/fasrc/waveguide_SiC_sim/fsps/f62244d3-b72c-4624-8e45-74c28b6ca979/f62244d3-b72c-4624-8e45-74c28b6ca979.fsp
number of processors is 14
processors are distributed as: 7x1x2
Running 3D Simulation
Starting meshing
Simulation size in gridpoints: 4 x 41 x 29
Refined 0 mesh cells (0%)
Completed meshing!
Meshing complete in 0.01 seconds of CPU time
0 0
Starting meshing
Simulation size in gridpoints: 4 x 41 x 29
Refined 0 mesh cells (0%)
Completed meshing!
Meshing complete in 0.01 seconds of CPU time
0 0
Starting meshing
Simulation size in gridpoints: 4 x 41 x 29
Refined 0 mesh cells (0%)
Completed meshing!
Meshing complete in 0.01 seconds of CPU time
0 0
finished material properties
Meshing Time: 0.024793 seconds, Init Electrical Material Time: 0.003687 seconds, Init Magnetic Material Time: 2.1e-05
Using selected optimization level: 2
Selecting 3d kernel for splitFieldDirection=0 and optLevel=2
-----------------------------------------
Beginning initialization of 3D Simulation
Starting to add sources to simulation
Adding 3D point source
Adding 3D point source
Adding 3D point source
Adding 3D point source
Adding 3D point source
Starting to add boundary conditions to simulation
Adding 3D Parallel bloch BC
Adding 3D Parallel BC
Adding 3D Anti-Symmetric BC
Adding 3D PML BC
Adding 3D PML BC
Adding 3D Parallel BC
Starting to add monitors to Simulation
Adding analysis monitor
Adding 3D Time monitor
Adding 3D Time monitor
Adding 3D Time monitor
Adding 3D Time monitor
Adding 3D Time monitor
Finished initialization of 3D Simulation
-----------------------------------------
All processes are communicating and ready to proceed to simulation...
Starting 30241 total iterations
0.158723% complete. Max time remaining: 49 secs. Auto Shutoff: 1
1.64014% complete. Max time remaining: 27 secs. Auto Shutoff: 1
3.33318% complete. Max time remaining: 2 mins, 28 secs. Auto Shutoff: 1
5.87275% complete. Max time remaining: 1 min, 40 secs. Auto Shutoff: 0.88047
9.25883% complete. Max time remaining: 1 min, 9 secs. Auto Shutoff: 0.880634
16.031% complete. Max time remaining: 46 secs. Auto Shutoff: 0.929474
22.8032% complete. Max time remaining: 45 secs. Auto Shutoff: 0.982038
26.1893% complete. Max time remaining: 40 secs. Auto Shutoff: 1.04723
32.9614% complete. Max time remaining: 34 secs. Auto Shutoff: 1.15525
36.3475% complete. Max time remaining: 31 secs. Auto Shutoff: 1.23701
43.1197% complete. Max time remaining: 25 secs. Auto Shutoff: 1.44213
49.8919% complete. Max time remaining: 21 secs. Auto Shutoff: 1.79133
56.6641% complete. Max time remaining: 17 secs. Auto Shutoff: 2.28825
63.4362% complete. Max time remaining: 14 secs. Auto Shutoff: 3.17639
70.2084% complete. Max time remaining: 11 secs. Auto Shutoff: 4.67966
76.9806% complete. Max time remaining: 8 secs. Auto Shutoff: 7.33303
83.7528% complete. Max time remaining: 6 secs. Auto Shutoff: 12.2875
90.5249% complete. Max time remaining: 3 secs. Auto Shutoff: 20.9151
97.2971% complete. Max time remaining: 1 secs. Auto Shutoff: 35.9723
99.9987% complete. Max time remaining: 0 secs. Auto Shutoff: 46.3898
Completed 30241 iterations, or 5.999922e-13s of Simulation Time
Process 0 starting to collect data
    collecting monitor data
    collecting source data
Finished collecting data
Simulation completed successfully at: Thu Feb 23 00:18:39 2023
Overall wall time measurements in seconds: 40.5446
    time to mesh and initialize: 0.145523
    time to run FDTD simulation: 32.6829
    time to checkpoint simulation: 2e-06
    time to finalize data and save to files: 0.170079
    miscellaneous time: 7.54604
    FDTD solver speed on process 0: 4.40065 Mnodes/s
    total FDTD solver speed on 14 processes: 61.6091 Mnodes/s
