Ansys Lumerical 2021 R2 FDTD Solver Version 8.26.2717 (Linux 64bit)
 expires (month/day/year): 10/14/2023
using config file: Ansys Licensing set with ANSYSLMD_LICENSE_FILE
license host: 1055@research-license-ansys.int.seas.harvard.edu
current time: Thu Feb 23 00:16:13 2023
Running on host: holy7c24103.rc.fas.harvard.edu
host available memory (GB): 183.168676
All processes are communicating and ready to proceed to simulation...
Running fsp file: /n/sw/lumerical-2021-R2-2717-7bf43e7149_seas/bin/fdtd-engine-mpich2nem -t 1 -remote /n/home11/cjin/fasrc/waveguide_SiC_sim/fsps/d7bcab9b-f9d2-407e-8e43-5e6b78a88a12/d7bcab9b-f9d2-407e-8e43-5e6b78a88a12.fsp
number of processors is 14
processors are distributed as: 7x1x2
Running 3D Simulation
Starting meshing
Simulation size in gridpoints: 4 x 39 x 30
Refined 0 mesh cells (0%)
Completed meshing!
Meshing complete in 0.01 seconds of CPU time
0 0
Starting meshing
Simulation size in gridpoints: 4 x 39 x 30
Refined 0 mesh cells (0%)
Completed meshing!
Meshing complete in 0 seconds of CPU time
0 0
Starting meshing
Simulation size in gridpoints: 4 x 39 x 30
Refined 0 mesh cells (0%)
Completed meshing!
Meshing complete in 0 seconds of CPU time
0 0
finished material properties
Meshing Time: 0.023571 seconds, Init Electrical Material Time: 0.003168 seconds, Init Magnetic Material Time: 1.7e-05
Using selected optimization level: 2
Selecting 3d kernel for splitFieldDirection=0 and optLevel=2
-----------------------------------------
Beginning initialization of 3D Simulation
Starting to add sources to simulation
Adding 3D point source
Adding 3D point source
Adding 3D point source
Adding 3D point source
Adding 3D point source
Starting to add boundary conditions to simulation
Adding 3D Parallel bloch BC
Adding 3D Parallel BC
Adding 3D Anti-Symmetric BC
Adding 3D PML BC
Adding 3D PML BC
Adding 3D Parallel BC
Starting to add monitors to Simulation
Adding analysis monitor
Adding 3D Time monitor
Adding 3D Time monitor
Adding 3D Time monitor
Adding 3D Time monitor
Adding 3D Time monitor
Finished initialization of 3D Simulation
-----------------------------------------
All processes are communicating and ready to proceed to simulation...
Starting 30150 total iterations
0.159202% complete. Max time remaining: 25 secs. Auto Shutoff: 1
1.64509% complete. Max time remaining: 25 secs. Auto Shutoff: 1
3.34324% complete. Max time remaining: 24 secs. Auto Shutoff: 1
6.73954% complete. Max time remaining: 23 secs. Auto Shutoff: 0.885415
13.5322% complete. Max time remaining: 21 secs. Auto Shutoff: 0.876282
20.3248% complete. Max time remaining: 20 secs. Auto Shutoff: 0.887297
27.1174% complete. Max time remaining: 18 secs. Auto Shutoff: 0.899074
33.91% complete. Max time remaining: 16 secs. Auto Shutoff: 0.906199
40.7026% complete. Max time remaining: 15 secs. Auto Shutoff: 0.951671
47.4952% complete. Max time remaining: 13 secs. Auto Shutoff: 0.975665
54.2878% complete. Max time remaining: 11 secs. Auto Shutoff: 0.977429
61.0804% complete. Max time remaining: 10 secs. Auto Shutoff: 0.995684
67.873% complete. Max time remaining: 8 secs. Auto Shutoff: 1.00249
74.6657% complete. Max time remaining: 6 secs. Auto Shutoff: 1.0312
81.4583% complete. Max time remaining: 5 secs. Auto Shutoff: 1.03555
88.2509% complete. Max time remaining: 3 secs. Auto Shutoff: 1.09341
95.0435% complete. Max time remaining: 1 secs. Auto Shutoff: 1.12421
99.9987% complete. Max time remaining: 0 secs. Auto Shutoff: 1.13655
Completed 30150 iterations, or 5.999919e-13s of Simulation Time
Process 0 starting to collect data
    collecting monitor data
    collecting source data
Finished collecting data
Simulation completed successfully at: Thu Feb 23 00:16:38 2023
Overall wall time measurements in seconds: 32.3944
    time to mesh and initialize: 0.060207
    time to run FDTD simulation: 24.5697
    time to checkpoint simulation: 1e-06
    time to finalize data and save to files: 0.193095
    miscellaneous time: 7.57139
    FDTD solver speed on process 0: 5.74293 Mnodes/s
    total FDTD solver speed on 14 processes: 80.4011 Mnodes/s
