Ansys Lumerical 2021 R2 FDTD Solver Version 8.26.2717 (Linux 64bit)
 expires (month/day/year): 10/14/2023
using config file: Ansys Licensing set with ANSYSLMD_LICENSE_FILE
license host: 1055@research-license-ansys.int.seas.harvard.edu
current time: Thu Feb 23 00:21:57 2023
Running on host: holy7c24103.rc.fas.harvard.edu
host available memory (GB): 183.163544
All processes are communicating and ready to proceed to simulation...
Running fsp file: /n/sw/lumerical-2021-R2-2717-7bf43e7149_seas/bin/fdtd-engine-mpich2nem -t 1 -remote /n/home11/cjin/fasrc/waveguide_SiC_sim/fsps/c7220d2a-e67b-442c-9cbc-649b8375b98c/c7220d2a-e67b-442c-9cbc-649b8375b98c.fsp
number of processors is 14
processors are distributed as: 7x1x2
Running 3D Simulation
Starting meshing
Simulation size in gridpoints: 5 x 41 x 32
Refined 0 mesh cells (0%)
Completed meshing!
Meshing complete in 0.01 seconds of CPU time
0 0
Starting meshing
Simulation size in gridpoints: 5 x 41 x 32
Refined 0 mesh cells (0%)
Completed meshing!
Meshing complete in 0.01 seconds of CPU time
0 0
Starting meshing
Simulation size in gridpoints: 5 x 41 x 32
Refined 0 mesh cells (0%)
Completed meshing!
Meshing complete in 0 seconds of CPU time
0 0
finished material properties
Meshing Time: 0.026305 seconds, Init Electrical Material Time: 0.003381 seconds, Init Magnetic Material Time: 2e-05
Using selected optimization level: 2
Selecting 3d kernel for splitFieldDirection=0 and optLevel=2
-----------------------------------------
Beginning initialization of 3D Simulation
Starting to add sources to simulation
Adding 3D point source
Adding 3D point source
Adding 3D point source
Adding 3D point source
Adding 3D point source
Starting to add boundary conditions to simulation
Adding 3D Parallel bloch BC
Adding 3D Parallel BC
Adding 3D Anti-Symmetric BC
Adding 3D PML BC
Adding 3D PML BC
Adding 3D Parallel BC
Starting to add monitors to Simulation
Adding analysis monitor
Adding 3D Time monitor
Adding 3D Time monitor
Adding 3D Time monitor
Adding 3D Time monitor
Adding 3D Time monitor
Finished initialization of 3D Simulation
-----------------------------------------
All processes are communicating and ready to proceed to simulation...
Starting 29835 total iterations
0.160885% complete. Max time remaining: 28 secs. Auto Shutoff: 1
1.66248% complete. Max time remaining: 27 secs. Auto Shutoff: 1
3.37858% complete. Max time remaining: 27 secs. Auto Shutoff: 1
6.8108% complete. Max time remaining: 26 secs. Auto Shutoff: 0.463318
13.6752% complete. Max time remaining: 24 secs. Auto Shutoff: 0.444342
20.5396% complete. Max time remaining: 22 secs. Auto Shutoff: 0.458095
27.4041% complete. Max time remaining: 20 secs. Auto Shutoff: 0.4717
34.2685% complete. Max time remaining: 18 secs. Auto Shutoff: 0.489574
41.1329% complete. Max time remaining: 16 secs. Auto Shutoff: 0.514352
47.9973% complete. Max time remaining: 14 secs. Auto Shutoff: 0.538766
54.8618% complete. Max time remaining: 12 secs. Auto Shutoff: 0.573114
61.7262% complete. Max time remaining: 10 secs. Auto Shutoff: 0.605273
68.5906% complete. Max time remaining: 9 secs. Auto Shutoff: 0.639547
75.455% complete. Max time remaining: 8 secs. Auto Shutoff: 0.686848
78.8873% complete. Max time remaining: 7 secs. Auto Shutoff: 0.713156
85.7517% complete. Max time remaining: 5 secs. Auto Shutoff: 0.773044
92.6161% complete. Max time remaining: 2 secs. Auto Shutoff: 0.83452
99.4805% complete. Max time remaining: 0 secs. Auto Shutoff: 0.904618
Completed 29835 iterations, or 6.000003e-13s of Simulation Time
Process 0 starting to collect data
    collecting monitor data
    collecting source data
Finished collecting data
Simulation completed successfully at: Thu Feb 23 00:22:30 2023
Overall wall time measurements in seconds: 40.6253
    time to mesh and initialize: 0.071751
    time to run FDTD simulation: 32.8243
    time to checkpoint simulation: 1e-06
    time to finalize data and save to files: 0.175775
    miscellaneous time: 7.55343
    FDTD solver speed on process 0: 5.96258 Mnodes/s
    total FDTD solver speed on 14 processes: 83.4762 Mnodes/s
