Ansys Lumerical 2021 R2 FDTD Solver Version 8.26.2717 (Linux 64bit)
 expires (month/day/year): 10/14/2023
using config file: Ansys Licensing set with ANSYSLMD_LICENSE_FILE
license host: 1055@research-license-ansys.int.seas.harvard.edu
current time: Thu Feb 23 00:23:56 2023
Running on host: holy7c24103.rc.fas.harvard.edu
host available memory (GB): 183.161471
All processes are communicating and ready to proceed to simulation...
Running fsp file: /n/sw/lumerical-2021-R2-2717-7bf43e7149_seas/bin/fdtd-engine-mpich2nem -t 1 -remote /n/home11/cjin/fasrc/waveguide_SiC_sim/fsps/8df126d3-0c6a-4d2b-86fd-88046a997c14/8df126d3-0c6a-4d2b-86fd-88046a997c14.fsp
number of processors is 14
processors are distributed as: 7x1x2
Running 3D Simulation
Starting meshing
Simulation size in gridpoints: 4 x 39 x 30
Refined 0 mesh cells (0%)
Completed meshing!
Meshing complete in 0.01 seconds of CPU time
0 0
Starting meshing
Simulation size in gridpoints: 4 x 39 x 30
Refined 0 mesh cells (0%)
Completed meshing!
Meshing complete in 0.01 seconds of CPU time
0 0
Starting meshing
Simulation size in gridpoints: 4 x 39 x 30
Refined 0 mesh cells (0%)
Completed meshing!
Meshing complete in 0.01 seconds of CPU time
0 0
finished material properties
Meshing Time: 0.053643 seconds, Init Electrical Material Time: 0.003304 seconds, Init Magnetic Material Time: 1.8e-05
Using selected optimization level: 2
Selecting 3d kernel for splitFieldDirection=0 and optLevel=2
-----------------------------------------
Beginning initialization of 3D Simulation
Starting to add sources to simulation
Adding 3D point source
Adding 3D point source
Adding 3D point source
Adding 3D point source
Adding 3D point source
Starting to add boundary conditions to simulation
Adding 3D Parallel bloch BC
Adding 3D Parallel BC
Adding 3D Anti-Symmetric BC
Adding 3D PML BC
Adding 3D PML BC
Adding 3D Parallel BC
Starting to add monitors to Simulation
Adding analysis monitor
Adding 3D Time monitor
Adding 3D Time monitor
Adding 3D Time monitor
Adding 3D Time monitor
Adding 3D Time monitor
Finished initialization of 3D Simulation
-----------------------------------------
All processes are communicating and ready to proceed to simulation...
Starting 29882 total iterations
0.160629% complete. Max time remaining: 29 secs. Auto Shutoff: 1
1.65984% complete. Max time remaining: 25 secs. Auto Shutoff: 1
3.37322% complete. Max time remaining: 24 secs. Auto Shutoff: 1
6.79998% complete. Max time remaining: 23 secs. Auto Shutoff: 0.898382
13.6535% complete. Max time remaining: 21 secs. Auto Shutoff: 0.90648
20.507% complete. Max time remaining: 19 secs. Auto Shutoff: 0.907067
27.3606% complete. Max time remaining: 18 secs. Auto Shutoff: 0.920251
34.2141% complete. Max time remaining: 16 secs. Auto Shutoff: 0.914181
41.0676% complete. Max time remaining: 14 secs. Auto Shutoff: 0.913559
47.9211% complete. Max time remaining: 13 secs. Auto Shutoff: 0.927518
54.7746% complete. Max time remaining: 11 secs. Auto Shutoff: 0.941484
61.6282% complete. Max time remaining: 9 secs. Auto Shutoff: 0.969342
68.4817% complete. Max time remaining: 8 secs. Auto Shutoff: 0.988995
75.3352% complete. Max time remaining: 6 secs. Auto Shutoff: 1.00126
82.1887% complete. Max time remaining: 4 secs. Auto Shutoff: 1.03446
89.0423% complete. Max time remaining: 3 secs. Auto Shutoff: 1.05708
95.8958% complete. Max time remaining: 1 secs. Auto Shutoff: 1.07104
99.9985% complete. Max time remaining: 0 secs. Auto Shutoff: 1.08912
Completed 29882 iterations, or 5.999912e-13s of Simulation Time
Process 0 starting to collect data
    collecting monitor data
    collecting source data
Finished collecting data
Simulation completed successfully at: Thu Feb 23 00:24:21 2023
Overall wall time measurements in seconds: 32.0312
    time to mesh and initialize: 0.092786
    time to run FDTD simulation: 24.2748
    time to checkpoint simulation: 1e-06
    time to finalize data and save to files: 0.185748
    miscellaneous time: 7.47777
    FDTD solver speed on process 0: 5.76102 Mnodes/s
    total FDTD solver speed on 14 processes: 80.6542 Mnodes/s
