Ansys Lumerical 2021 R2 FDTD Solver Version 8.26.2717 (Linux 64bit)
 expires (month/day/year): 10/14/2023
using config file: Ansys Licensing set with ANSYSLMD_LICENSE_FILE
license host: 1055@research-license-ansys.int.seas.harvard.edu
current time: Tue Feb 28 18:39:35 2023
Running on host: holy7c24101.rc.fas.harvard.edu
host available memory (GB): 141.864198
All processes are communicating and ready to proceed to simulation...
Running fsp file: /n/sw/lumerical-2021-R2-2717-7bf43e7149_seas/bin/fdtd-engine-mpich2nem -t 1 -remote /n/home11/cjin/fasrc/waveguide_SiC_sim/fsps/a52416bd-abcc-4652-afa1-af3634f61c68/a52416bd-abcc-4652-afa1-af3634f61c68.fsp
number of processors is 16
processors are distributed as: 2x2x4
Running 3D Simulation
Starting meshing
Simulation size in gridpoints: 17 x 23 x 18
Refined 0 mesh cells (0%)
Completed meshing!
Meshing complete in 0 seconds of CPU time
0 0
Starting meshing
Simulation size in gridpoints: 17 x 23 x 18
Refined 0 mesh cells (0%)
Completed meshing!
Meshing complete in 0 seconds of CPU time
0 0
Starting meshing
Simulation size in gridpoints: 17 x 23 x 18
Refined 0 mesh cells (0%)
Completed meshing!
Meshing complete in 0 seconds of CPU time
0 0
finished material properties
Meshing Time: 0.002972 seconds, Init Electrical Material Time: 0.000614 seconds, Init Magnetic Material Time: 1.4e-05
Using selected optimization level: 2
Selecting 3d kernel for splitFieldDirection=0 and optLevel=2
-----------------------------------------
Beginning initialization of 3D Simulation
Starting to add sources to simulation
Adding 3D point source
Adding 3D point source
Adding 3D point source
Adding 3D point source
Adding 3D point source
Starting to add boundary conditions to simulation
Adding 3D Parallel bloch BC
Adding 3D Parallel BC
Adding 3D Anti-Symmetric BC
Adding 3D Parallel BC
Adding 3D PML BC
Adding 3D Parallel BC
Starting to add monitors to Simulation
Adding analysis monitor
Adding 3D Time monitor
Adding 3D Time monitor
Adding 3D Time monitor
Adding 3D Time monitor
Adding 3D Time monitor
Finished initialization of 3D Simulation
-----------------------------------------
All processes are communicating and ready to proceed to simulation...
Starting 31619 total iterations
0.15181% complete. Max time remaining: 25 secs. Auto Shutoff: 1
1.5687% complete. Max time remaining: 23 secs. Auto Shutoff: 1
3.18801% complete. Max time remaining: 22 secs. Auto Shutoff: 1
6.42662% complete. Max time remaining: 21 secs. Auto Shutoff: 0.217962
12.9038% complete. Max time remaining: 20 secs. Auto Shutoff: 0.0879038
19.3811% complete. Max time remaining: 18 secs. Auto Shutoff: 0.0663515
25.8583% complete. Max time remaining: 17 secs. Auto Shutoff: 0.060553
32.3355% complete. Max time remaining: 15 secs. Auto Shutoff: 0.0617957
38.8127% complete. Max time remaining: 14 secs. Auto Shutoff: 0.0657514
45.2899% complete. Max time remaining: 13 secs. Auto Shutoff: 0.0687684
51.7672% complete. Max time remaining: 11 secs. Auto Shutoff: 0.0675549
58.2444% complete. Max time remaining: 10 secs. Auto Shutoff: 0.071491
64.7216% complete. Max time remaining: 8 secs. Auto Shutoff: 0.077121
71.1988% complete. Max time remaining: 7 secs. Auto Shutoff: 0.081725
77.676% complete. Max time remaining: 5 secs. Auto Shutoff: 0.0804626
84.1533% complete. Max time remaining: 4 secs. Auto Shutoff: 0.0835513
