Ansys Lumerical 2021 R2 FDTD Solver Version 8.26.2717 (Linux 64bit)
 expires (month/day/year): 10/14/2023
using config file: Ansys Licensing set with ANSYSLMD_LICENSE_FILE
license host: 1055@research-license-ansys.int.seas.harvard.edu
current time: Thu Feb 23 00:12:24 2023
Running on host: holy7c24103.rc.fas.harvard.edu
host available memory (GB): 183.193444
All processes are communicating and ready to proceed to simulation...
Running fsp file: /n/sw/lumerical-2021-R2-2717-7bf43e7149_seas/bin/fdtd-engine-mpich2nem -t 1 -remote /n/home11/cjin/fasrc/waveguide_SiC_sim/fsps/cfb14e39-3cee-43c9-9d53-87d8db7498ac/cfb14e39-3cee-43c9-9d53-87d8db7498ac.fsp
number of processors is 14
processors are distributed as: 7x1x2
Running 3D Simulation
Starting meshing
Simulation size in gridpoints: 5 x 42 x 33
Refined 0 mesh cells (0%)
Completed meshing!
Meshing complete in 0.01 seconds of CPU time
0 0
Starting meshing
Simulation size in gridpoints: 5 x 42 x 33
Refined 0 mesh cells (0%)
Completed meshing!
Meshing complete in 0.01 seconds of CPU time
0 0
Starting meshing
Simulation size in gridpoints: 5 x 42 x 33
Refined 0 mesh cells (0%)
Completed meshing!
Meshing complete in 0.01 seconds of CPU time
0 0
finished material properties
Meshing Time: 0.022577 seconds, Init Electrical Material Time: 0.003681 seconds, Init Magnetic Material Time: 2.2e-05
Using selected optimization level: 2
Selecting 3d kernel for splitFieldDirection=0 and optLevel=2
-----------------------------------------
Beginning initialization of 3D Simulation
Starting to add sources to simulation
Adding 3D point source
Adding 3D point source
Adding 3D point source
Adding 3D point source
Adding 3D point source
Starting to add boundary conditions to simulation
Adding 3D Parallel bloch BC
Adding 3D Parallel BC
Adding 3D Anti-Symmetric BC
Adding 3D PML BC
Adding 3D PML BC
Adding 3D Parallel BC
Starting to add monitors to Simulation
Adding analysis monitor
Adding 3D Time monitor
Adding 3D Time monitor
Adding 3D Time monitor
Adding 3D Time monitor
Adding 3D Time monitor
Finished initialization of 3D Simulation
-----------------------------------------
All processes are communicating and ready to proceed to simulation...
Starting 30064 total iterations
0.159659% complete. Max time remaining: 25 mins, 37 secs. Auto Shutoff: 1
1.86268% complete. Max time remaining: 3 mins, 43 secs. Auto Shutoff: 1
3.56571% complete. Max time remaining: 2 mins, 7 secs. Auto Shutoff: 0.859901
6.97176% complete. Max time remaining: 1 min, 16 secs. Auto Shutoff: 0.654809
13.7839% complete. Max time remaining: 47 secs. Auto Shutoff: 0.57761
20.596% complete. Max time remaining: 37 secs. Auto Shutoff: 0.54563
27.4081% complete. Max time remaining: 30 secs. Auto Shutoff: 0.520575
34.2202% complete. Max time remaining: 25 secs. Auto Shutoff: 0.502115
41.0323% complete. Max time remaining: 22 secs. Auto Shutoff: 0.48337
47.8444% complete. Max time remaining: 18 secs. Auto Shutoff: 0.467948
54.6565% complete. Max time remaining: 16 secs. Auto Shutoff: 0.454599
61.4686% complete. Max time remaining: 13 secs. Auto Shutoff: 0.441898
68.2807% complete. Max time remaining: 10 secs. Auto Shutoff: 0.430559
75.0928% complete. Max time remaining: 8 secs. Auto Shutoff: 0.419921
81.9049% complete. Max time remaining: 6 secs. Auto Shutoff: 0.411829
88.717% complete. Max time remaining: 4 secs. Auto Shutoff: 0.40293
95.5291% complete. Max time remaining: 1 secs. Auto Shutoff: 0.395394
99.9995% complete. Max time remaining: 0 secs. Auto Shutoff: 0.391435
Completed 30064 iterations, or 5.999970e-13s of Simulation Time
Process 0 starting to collect data
    collecting monitor data
    collecting source data
Finished collecting data
Simulation completed successfully at: Thu Feb 23 00:12:56 2023
Overall wall time measurements in seconds: 37.1033
    time to mesh and initialize: 0.108577
    time to run FDTD simulation: 31.0641
    time to checkpoint simulation: 1e-06
    time to finalize data and save to files: 0.191752
    miscellaneous time: 5.73879
    FDTD solver speed on process 0: 6.70689 Mnodes/s
    total FDTD solver speed on 14 processes: 93.8964 Mnodes/s
